<?xml version="1.0" encoding="UTF-8"?>
<testsuite xmlns:xsi="http://www.w3.org/2001/XMLSchema-instance" xsi:noNamespaceSchemaLocation="https://maven.apache.org/surefire/maven-surefire-plugin/xsd/surefire-test-report.xsd" name="com.zlt.demo.DemoApplicationTests" time="1.039" tests="1" errors="0" skipped="0" failures="0">
  <properties>
    <property name="sun.desktop" value="windows"/>
    <property name="awt.toolkit" value="sun.awt.windows.WToolkit"/>
    <property name="file.encoding.pkg" value="sun.io"/>
    <property name="java.specification.version" value="1.8"/>
    <property name="sun.cpu.isalist" value="amd64"/>
    <property name="sun.jnu.encoding" value="GBK"/>
    <property name="java.class.path" value="D:\study\javaProject\cxl\src\stage3\springboot\sourceCode\demo\target\test-classes;D:\study\javaProject\cxl\src\stage3\springboot\sourceCode\demo\target\classes;D:\study\adds\mvn\mvnRepository\org\springframework\boot\spring-boot-starter\2.6.0\spring-boot-starter-2.6.0.jar;D:\study\adds\mvn\mvnRepository\org\springframework\boot\spring-boot\2.6.0\spring-boot-2.6.0.jar;D:\study\adds\mvn\mvnRepository\org\springframework\spring-context\5.3.13\spring-context-5.3.13.jar;D:\study\adds\mvn\mvnRepository\org\springframework\spring-aop\5.3.13\spring-aop-5.3.13.jar;D:\study\adds\mvn\mvnRepository\org\springframework\spring-beans\5.3.13\spring-beans-5.3.13.jar;D:\study\adds\mvn\mvnRepository\org\springframework\spring-expression\5.3.13\spring-expression-5.3.13.jar;D:\study\adds\mvn\mvnRepository\org\springframework\boot\spring-boot-autoconfigure\2.6.0\spring-boot-autoconfigure-2.6.0.jar;D:\study\adds\mvn\mvnRepository\org\springframework\boot\spring-boot-starter-logging\2.6.0\spring-boot-starter-logging-2.6.0.jar;D:\study\adds\mvn\mvnRepository\ch\qos\logback\logback-classic\1.2.7\logback-classic-1.2.7.jar;D:\study\adds\mvn\mvnRepository\ch\qos\logback\logback-core\1.2.7\logback-core-1.2.7.jar;D:\study\adds\mvn\mvnRepository\org\apache\logging\log4j\log4j-to-slf4j\2.14.1\log4j-to-slf4j-2.14.1.jar;D:\study\adds\mvn\mvnRepository\org\apache\logging\log4j\log4j-api\2.14.1\log4j-api-2.14.1.jar;D:\study\adds\mvn\mvnRepository\org\slf4j\jul-to-slf4j\1.7.32\jul-to-slf4j-1.7.32.jar;D:\study\adds\mvn\mvnRepository\jakarta\annotation\jakarta.annotation-api\1.3.5\jakarta.annotation-api-1.3.5.jar;D:\study\adds\mvn\mvnRepository\org\springframework\spring-core\5.3.13\spring-core-5.3.13.jar;D:\study\adds\mvn\mvnRepository\org\springframework\spring-jcl\5.3.13\spring-jcl-5.3.13.jar;D:\study\adds\mvn\mvnRepository\org\yaml\snakeyaml\1.29\snakeyaml-1.29.jar;D:\study\adds\mvn\mvnRepository\org\springframework\boot\spring-boot-starter-test\2.6.0\spring-boot-starter-test-2.6.0.jar;D:\study\adds\mvn\mvnRepository\org\springframework\boot\spring-boot-test\2.6.0\spring-boot-test-2.6.0.jar;D:\study\adds\mvn\mvnRepository\org\springframework\boot\spring-boot-test-autoconfigure\2.6.0\spring-boot-test-autoconfigure-2.6.0.jar;D:\study\adds\mvn\mvnRepository\com\jayway\jsonpath\json-path\2.6.0\json-path-2.6.0.jar;D:\study\adds\mvn\mvnRepository\net\minidev\json-smart\2.4.7\json-smart-2.4.7.jar;D:\study\adds\mvn\mvnRepository\net\minidev\accessors-smart\2.4.7\accessors-smart-2.4.7.jar;D:\study\adds\mvn\mvnRepository\org\ow2\asm\asm\9.1\asm-9.1.jar;D:\study\adds\mvn\mvnRepository\org\slf4j\slf4j-api\1.7.32\slf4j-api-1.7.32.jar;D:\study\adds\mvn\mvnRepository\jakarta\xml\bind\jakarta.xml.bind-api\2.3.3\jakarta.xml.bind-api-2.3.3.jar;D:\study\adds\mvn\mvnRepository\jakarta\activation\jakarta.activation-api\1.2.2\jakarta.activation-api-1.2.2.jar;D:\study\adds\mvn\mvnRepository\org\assertj\assertj-core\3.21.0\assertj-core-3.21.0.jar;D:\study\adds\mvn\mvnRepository\org\hamcrest\hamcrest\2.2\hamcrest-2.2.jar;D:\study\adds\mvn\mvnRepository\org\junit\jupiter\junit-jupiter\5.8.1\junit-jupiter-5.8.1.jar;D:\study\adds\mvn\mvnRepository\org\junit\jupiter\junit-jupiter-api\5.8.1\junit-jupiter-api-5.8.1.jar;D:\study\adds\mvn\mvnRepository\org\opentest4j\opentest4j\1.2.0\opentest4j-1.2.0.jar;D:\study\adds\mvn\mvnRepository\org\junit\platform\junit-platform-commons\1.8.1\junit-platform-commons-1.8.1.jar;D:\study\adds\mvn\mvnRepository\org\apiguardian\apiguardian-api\1.1.2\apiguardian-api-1.1.2.jar;D:\study\adds\mvn\mvnRepository\org\junit\jupiter\junit-jupiter-params\5.8.1\junit-jupiter-params-5.8.1.jar;D:\study\adds\mvn\mvnRepository\org\junit\jupiter\junit-jupiter-engine\5.8.1\junit-jupiter-engine-5.8.1.jar;D:\study\adds\mvn\mvnRepository\org\junit\platform\junit-platform-engine\1.8.1\junit-platform-engine-1.8.1.jar;D:\study\adds\mvn\mvnRepository\org\mockito\mockito-core\4.0.0\mockito-core-4.0.0.jar;D:\study\adds\mvn\mvnRepository\net\bytebuddy\byte-buddy\1.11.22\byte-buddy-1.11.22.jar;D:\study\adds\mvn\mvnRepository\net\bytebuddy\byte-buddy-agent\1.11.22\byte-buddy-agent-1.11.22.jar;D:\study\adds\mvn\mvnRepository\org\objenesis\objenesis\3.2\objenesis-3.2.jar;D:\study\adds\mvn\mvnRepository\org\mockito\mockito-junit-jupiter\4.0.0\mockito-junit-jupiter-4.0.0.jar;D:\study\adds\mvn\mvnRepository\org\skyscreamer\jsonassert\1.5.0\jsonassert-1.5.0.jar;D:\study\adds\mvn\mvnRepository\com\vaadin\external\google\android-json\0.0.20131108.vaadin1\android-json-0.0.20131108.vaadin1.jar;D:\study\adds\mvn\mvnRepository\org\springframework\spring-test\5.3.13\spring-test-5.3.13.jar;D:\study\adds\mvn\mvnRepository\org\xmlunit\xmlunit-core\2.8.3\xmlunit-core-2.8.3.jar;"/>
    <property name="java.vm.vendor" value="Oracle Corporation"/>
    <property name="sun.arch.data.model" value="64"/>
    <property name="user.variant" value=""/>
    <property name="java.vendor.url" value="http://java.oracle.com/"/>
    <property name="user.timezone" value="Asia/Shanghai"/>
    <property name="java.vm.specification.version" value="1.8"/>
    <property name="os.name" value="Windows 10"/>
    <property name="user.country" value="CN"/>
    <property name="sun.java.launcher" value="SUN_STANDARD"/>
    <property name="sun.boot.library.path" value="D:\study\adds\jdk\jdk1.8.0_281\jre\bin"/>
    <property name="sun.java.command" value="C:\Users\程兴霖\AppData\Local\Temp\surefire7921993047210092887\surefirebooter2285831157695893584.jar C:\Users\程兴霖\AppData\Local\Temp\surefire7921993047210092887 2021-11-22T00-25-54_768-jvmRun1 surefire4548630488367643170tmp surefire_01732916763309990607tmp"/>
    <property name="surefire.test.class.path" value="D:\study\javaProject\cxl\src\stage3\springboot\sourceCode\demo\target\test-classes;D:\study\javaProject\cxl\src\stage3\springboot\sourceCode\demo\target\classes;D:\study\adds\mvn\mvnRepository\org\springframework\boot\spring-boot-starter\2.6.0\spring-boot-starter-2.6.0.jar;D:\study\adds\mvn\mvnRepository\org\springframework\boot\spring-boot\2.6.0\spring-boot-2.6.0.jar;D:\study\adds\mvn\mvnRepository\org\springframework\spring-context\5.3.13\spring-context-5.3.13.jar;D:\study\adds\mvn\mvnRepository\org\springframework\spring-aop\5.3.13\spring-aop-5.3.13.jar;D:\study\adds\mvn\mvnRepository\org\springframework\spring-beans\5.3.13\spring-beans-5.3.13.jar;D:\study\adds\mvn\mvnRepository\org\springframework\spring-expression\5.3.13\spring-expression-5.3.13.jar;D:\study\adds\mvn\mvnRepository\org\springframework\boot\spring-boot-autoconfigure\2.6.0\spring-boot-autoconfigure-2.6.0.jar;D:\study\adds\mvn\mvnRepository\org\springframework\boot\spring-boot-starter-logging\2.6.0\spring-boot-starter-logging-2.6.0.jar;D:\study\adds\mvn\mvnRepository\ch\qos\logback\logback-classic\1.2.7\logback-classic-1.2.7.jar;D:\study\adds\mvn\mvnRepository\ch\qos\logback\logback-core\1.2.7\logback-core-1.2.7.jar;D:\study\adds\mvn\mvnRepository\org\apache\logging\log4j\log4j-to-slf4j\2.14.1\log4j-to-slf4j-2.14.1.jar;D:\study\adds\mvn\mvnRepository\org\apache\logging\log4j\log4j-api\2.14.1\log4j-api-2.14.1.jar;D:\study\adds\mvn\mvnRepository\org\slf4j\jul-to-slf4j\1.7.32\jul-to-slf4j-1.7.32.jar;D:\study\adds\mvn\mvnRepository\jakarta\annotation\jakarta.annotation-api\1.3.5\jakarta.annotation-api-1.3.5.jar;D:\study\adds\mvn\mvnRepository\org\springframework\spring-core\5.3.13\spring-core-5.3.13.jar;D:\study\adds\mvn\mvnRepository\org\springframework\spring-jcl\5.3.13\spring-jcl-5.3.13.jar;D:\study\adds\mvn\mvnRepository\org\yaml\snakeyaml\1.29\snakeyaml-1.29.jar;D:\study\adds\mvn\mvnRepository\org\springframework\boot\spring-boot-starter-test\2.6.0\spring-boot-starter-test-2.6.0.jar;D:\study\adds\mvn\mvnRepository\org\springframework\boot\spring-boot-test\2.6.0\spring-boot-test-2.6.0.jar;D:\study\adds\mvn\mvnRepository\org\springframework\boot\spring-boot-test-autoconfigure\2.6.0\spring-boot-test-autoconfigure-2.6.0.jar;D:\study\adds\mvn\mvnRepository\com\jayway\jsonpath\json-path\2.6.0\json-path-2.6.0.jar;D:\study\adds\mvn\mvnRepository\net\minidev\json-smart\2.4.7\json-smart-2.4.7.jar;D:\study\adds\mvn\mvnRepository\net\minidev\accessors-smart\2.4.7\accessors-smart-2.4.7.jar;D:\study\adds\mvn\mvnRepository\org\ow2\asm\asm\9.1\asm-9.1.jar;D:\study\adds\mvn\mvnRepository\org\slf4j\slf4j-api\1.7.32\slf4j-api-1.7.32.jar;D:\study\adds\mvn\mvnRepository\jakarta\xml\bind\jakarta.xml.bind-api\2.3.3\jakarta.xml.bind-api-2.3.3.jar;D:\study\adds\mvn\mvnRepository\jakarta\activation\jakarta.activation-api\1.2.2\jakarta.activation-api-1.2.2.jar;D:\study\adds\mvn\mvnRepository\org\assertj\assertj-core\3.21.0\assertj-core-3.21.0.jar;D:\study\adds\mvn\mvnRepository\org\hamcrest\hamcrest\2.2\hamcrest-2.2.jar;D:\study\adds\mvn\mvnRepository\org\junit\jupiter\junit-jupiter\5.8.1\junit-jupiter-5.8.1.jar;D:\study\adds\mvn\mvnRepository\org\junit\jupiter\junit-jupiter-api\5.8.1\junit-jupiter-api-5.8.1.jar;D:\study\adds\mvn\mvnRepository\org\opentest4j\opentest4j\1.2.0\opentest4j-1.2.0.jar;D:\study\adds\mvn\mvnRepository\org\junit\platform\junit-platform-commons\1.8.1\junit-platform-commons-1.8.1.jar;D:\study\adds\mvn\mvnRepository\org\apiguardian\apiguardian-api\1.1.2\apiguardian-api-1.1.2.jar;D:\study\adds\mvn\mvnRepository\org\junit\jupiter\junit-jupiter-params\5.8.1\junit-jupiter-params-5.8.1.jar;D:\study\adds\mvn\mvnRepository\org\junit\jupiter\junit-jupiter-engine\5.8.1\junit-jupiter-engine-5.8.1.jar;D:\study\adds\mvn\mvnRepository\org\junit\platform\junit-platform-engine\1.8.1\junit-platform-engine-1.8.1.jar;D:\study\adds\mvn\mvnRepository\org\mockito\mockito-core\4.0.0\mockito-core-4.0.0.jar;D:\study\adds\mvn\mvnRepository\net\bytebuddy\byte-buddy\1.11.22\byte-buddy-1.11.22.jar;D:\study\adds\mvn\mvnRepository\net\bytebuddy\byte-buddy-agent\1.11.22\byte-buddy-agent-1.11.22.jar;D:\study\adds\mvn\mvnRepository\org\objenesis\objenesis\3.2\objenesis-3.2.jar;D:\study\adds\mvn\mvnRepository\org\mockito\mockito-junit-jupiter\4.0.0\mockito-junit-jupiter-4.0.0.jar;D:\study\adds\mvn\mvnRepository\org\skyscreamer\jsonassert\1.5.0\jsonassert-1.5.0.jar;D:\study\adds\mvn\mvnRepository\com\vaadin\external\google\android-json\0.0.20131108.vaadin1\android-json-0.0.20131108.vaadin1.jar;D:\study\adds\mvn\mvnRepository\org\springframework\spring-test\5.3.13\spring-test-5.3.13.jar;D:\study\adds\mvn\mvnRepository\org\xmlunit\xmlunit-core\2.8.3\xmlunit-core-2.8.3.jar;"/>
    <property name="sun.cpu.endian" value="little"/>
    <property name="user.home" value="C:\Users\程兴霖"/>
    <property name="user.language" value="zh"/>
    <property name="java.specification.vendor" value="Oracle Corporation"/>
    <property name="java.home" value="D:\study\adds\jdk\jdk1.8.0_281\jre"/>
    <property name="basedir" value="D:\study\javaProject\cxl\src\stage3\springboot\sourceCode\demo"/>
    <property name="file.separator" value="\"/>
    <property name="line.separator" value="&#10;"/>
    <property name="java.vm.specification.vendor" value="Oracle Corporation"/>
    <property name="java.specification.name" value="Java Platform API Specification"/>
    <property name="java.awt.graphicsenv" value="sun.awt.Win32GraphicsEnvironment"/>
    <property name="surefire.real.class.path" value="C:\Users\程兴霖\AppData\Local\Temp\surefire7921993047210092887\surefirebooter2285831157695893584.jar"/>
    <property name="sun.boot.class.path" value="D:\study\adds\jdk\jdk1.8.0_281\jre\lib\resources.jar;D:\study\adds\jdk\jdk1.8.0_281\jre\lib\rt.jar;D:\study\adds\jdk\jdk1.8.0_281\jre\lib\sunrsasign.jar;D:\study\adds\jdk\jdk1.8.0_281\jre\lib\jsse.jar;D:\study\adds\jdk\jdk1.8.0_281\jre\lib\jce.jar;D:\study\adds\jdk\jdk1.8.0_281\jre\lib\charsets.jar;D:\study\adds\jdk\jdk1.8.0_281\jre\lib\jfr.jar;D:\study\adds\jdk\jdk1.8.0_281\jre\classes"/>
    <property name="user.script" value=""/>
    <property name="sun.management.compiler" value="HotSpot 64-Bit Tiered Compilers"/>
    <property name="java.runtime.version" value="1.8.0_281-b09"/>
    <property name="user.name" value="程兴霖"/>
    <property name="path.separator" value=";"/>
    <property name="os.version" value="10.0"/>
    <property name="java.endorsed.dirs" value="D:\study\adds\jdk\jdk1.8.0_281\jre\lib\endorsed"/>
    <property name="java.runtime.name" value="Java(TM) SE Runtime Environment"/>
    <property name="file.encoding" value="GBK"/>
    <property name="java.vm.name" value="Java HotSpot(TM) 64-Bit Server VM"/>
    <property name="localRepository" value="D:\study\adds\mvn\mvnRepository"/>
    <property name="java.vendor.url.bug" value="http://bugreport.sun.com/bugreport/"/>
    <property name="java.io.tmpdir" value="C:\Users\程兴霖\AppData\Local\Temp\"/>
    <property name="idea.version" value="2021.1.2"/>
    <property name="java.version" value="1.8.0_281"/>
    <property name="user.dir" value="D:\study\javaProject\cxl\src\stage3\springboot\sourceCode\demo"/>
    <property name="os.arch" value="amd64"/>
    <property name="java.vm.specification.name" value="Java Virtual Machine Specification"/>
    <property name="java.awt.printerjob" value="sun.awt.windows.WPrinterJob"/>
    <property name="sun.os.patch.level" value=""/>
    <property name="java.library.path" value="D:\study\adds\jdk\jdk1.8.0_281\jre\bin;C:\WINDOWS\Sun\Java\bin;C:\WINDOWS\system32;C:\WINDOWS;D:\study\adds\jdk\jdk1.8.0_281\bin;C:\Program Files\nodejs\node_global;C:\Program Files\MySQL\MySQL Server 5.7\bin;D:\study\adds\jdk\jdk1.8.0_281\bin;D:\study\adds\mvn\apache-maven-3.3.9\bin;D:\study\softwares\svn\bin;D:\study\softwares\redis;D:\study\adds\node_js\;C:\Program Files\nodejs\node_global;C:\Users\程兴霖\AppData\Local\Microsoft\WindowsApps;D:\study\softwares\idea2021\IntelliJ IDEA 2021.1.2\bin;;D:\Microsoft VS Code\bin;D:\study\softwares\idea2021\IntelliJ IDEA 2021.1.2\bin;;C:\WINDOWS\system32;C:\Users\程兴霖\AppData\Roaming\npm;."/>
    <property name="java.vm.info" value="mixed mode"/>
    <property name="java.vendor" value="Oracle Corporation"/>
    <property name="java.vm.version" value="25.281-b09"/>
    <property name="java.ext.dirs" value="D:\study\adds\jdk\jdk1.8.0_281\jre\lib\ext;C:\WINDOWS\Sun\Java\lib\ext"/>
    <property name="sun.io.unicode.encoding" value="UnicodeLittle"/>
    <property name="maven.repo.local" value="D:\study\adds\mvn\mvnRepository"/>
    <property name="java.class.version" value="52.0"/>
  </properties>
  <testcase name="contextLoads" classname="com.zlt.demo.DemoApplicationTests" time="0.145"/>
</testsuite>